18:00:05.798 main INFO  o.s.w.c.ContextLoader - Root WebApplicationContext: initialization started
18:00:07.281 main INFO  o.s.w.c.ContextLoader - Root WebApplicationContext initialized in 1480 ms
18:00:09.572 http-nio-8080-exec-2 INFO  o.s.w.s.DispatcherServlet - Initializing Servlet 'spring'
18:00:10.592 http-nio-8080-exec-2 INFO  o.s.w.s.DispatcherServlet - Completed initialization in 1020 ms
18:00:10.672 http-nio-8080-exec-3 DEBUG h.m.c.MainController - 마이포털 메인 페이지
18:00:14.363 http-nio-8080-exec-5 INFO  h.m.c.BoardController - Board list fetched successfully.
18:00:18.664 http-nio-8080-exec-6 WARN  h.m.c.BoardController - Unauthorized access attempt to write form.
18:00:25.360 http-nio-8080-exec-10 DEBUG h.m.c.MainController - 마이포털 메인 페이지
18:00:49.264 http-nio-8080-exec-5 INFO  h.m.c.BoardController - Board list fetched successfully.
18:00:52.895 http-nio-8080-exec-6 INFO  h.m.c.BoardController - Board list fetched successfully.
18:00:54.070 http-nio-8080-exec-7 INFO  h.m.c.BoardController - Board list fetched successfully.
18:00:57.259 http-nio-8080-exec-10 DEBUG h.m.c.MainController - 마이포털 메인 페이지
18:01:06.403 http-nio-8080-exec-2 INFO  h.m.c.BoardController - Board list fetched successfully.
18:01:12.993 http-nio-8080-exec-7 DEBUG h.m.c.MainController - 마이포털 메인 페이지
18:01:15.041 http-nio-8080-exec-9 INFO  h.m.c.BoardController - Board list fetched successfully.
18:01:18.511 http-nio-8080-exec-1 INFO  h.m.c.BoardController - Board entry updated: 10
18:01:18.576 http-nio-8080-exec-2 INFO  h.m.c.BoardController - Board entry viewed: 10
18:03:16.604 http-nio-8080-exec-6 INFO  h.m.c.BoardController - Board list fetched successfully.
10:10:59.312 main INFO  o.s.w.c.ContextLoader - Root WebApplicationContext: initialization started
10:11:00.871 main INFO  o.s.w.c.ContextLoader - Root WebApplicationContext initialized in 1556 ms
10:11:03.487 http-nio-8080-exec-2 INFO  o.s.w.s.DispatcherServlet - Initializing Servlet 'spring'
10:11:04.506 http-nio-8080-exec-2 INFO  o.s.w.s.DispatcherServlet - Completed initialization in 1019 ms
10:11:04.587 http-nio-8080-exec-3 DEBUG h.m.c.MainController - 마이포털 메인 페이지
10:11:46.256 http-nio-8080-exec-5 INFO  h.m.c.BoardController - Board list fetched successfully.
10:11:57.403 http-nio-8080-exec-10 WARN  h.m.c.BoardController - Unauthorized access attempt to write form.
10:12:28.103 http-nio-8080-exec-6 DEBUG h.m.c.MainController - 마이포털 메인 페이지
10:12:31.217 http-nio-8080-exec-1 INFO  h.m.c.BoardController - Board list fetched successfully.
10:12:48.032 http-nio-8080-exec-4 INFO  h.m.c.BoardController - Board entry updated: 15
10:12:48.120 http-nio-8080-exec-3 INFO  h.m.c.BoardController - Board entry viewed: 15
10:12:50.686 http-nio-8080-exec-5 INFO  h.m.c.BoardController - Board entry viewed: 15
10:13:00.890 http-nio-8080-exec-6 INFO  h.m.c.BoardController - Board list fetched successfully.
10:42:11.599 Catalina-utility-1 INFO  o.s.w.c.ContextLoader - Root WebApplicationContext: initialization started
10:42:12.844 Catalina-utility-1 INFO  o.s.w.c.ContextLoader - Root WebApplicationContext initialized in 1243 ms
11:14:48.245 Catalina-utility-1 INFO  o.s.w.c.ContextLoader - Root WebApplicationContext: initialization started
11:14:49.525 Catalina-utility-1 INFO  o.s.w.c.ContextLoader - Root WebApplicationContext initialized in 1277 ms
11:14:54.353 main INFO  o.s.w.c.ContextLoader - Root WebApplicationContext: initialization started
11:14:55.778 main INFO  o.s.w.c.ContextLoader - Root WebApplicationContext initialized in 1422 ms
11:14:58.359 http-nio-8080-exec-2 INFO  o.s.w.s.DispatcherServlet - Initializing Servlet 'spring'
11:14:59.489 http-nio-8080-exec-2 INFO  o.s.w.s.DispatcherServlet - Completed initialization in 1129 ms
11:14:59.577 http-nio-8080-exec-3 DEBUG h.m.c.MainController - 마이포털 메인 페이지
11:23:39.037 http-nio-8080-exec-8 INFO  h.m.c.BoardController - Board list fetched successfully.
11:55:23.481 Catalina-utility-1 INFO  o.s.w.c.ContextLoader - Root WebApplicationContext: initialization started
11:55:24.816 Catalina-utility-1 INFO  o.s.w.c.ContextLoader - Root WebApplicationContext initialized in 1332 ms
11:55:35.522 main INFO  o.s.w.c.ContextLoader - Root WebApplicationContext: initialization started
11:55:37.062 main INFO  o.s.w.c.ContextLoader - Root WebApplicationContext initialized in 1536 ms
11:55:39.428 http-nio-8080-exec-2 INFO  o.s.w.s.DispatcherServlet - Initializing Servlet 'spring'
11:55:39.495 http-nio-8080-exec-2 ERROR o.s.w.s.DispatcherServlet - Context initialization failed
org.springframework.beans.factory.xml.XmlBeanDefinitionStoreException: Line 51 in XML document from ServletContext resource [/WEB-INF/spring-servlet.xml] is invalid
	at org.springframework.beans.factory.xml.XmlBeanDefinitionReader.doLoadBeanDefinitions(XmlBeanDefinitionReader.java:411)
	at org.springframework.beans.factory.xml.XmlBeanDefinitionReader.loadBeanDefinitions(XmlBeanDefinitionReader.java:347)
	at org.springframework.beans.factory.xml.XmlBeanDefinitionReader.loadBeanDefinitions(XmlBeanDefinitionReader.java:319)
	at org.springframework.beans.factory.support.AbstractBeanDefinitionReader.loadBeanDefinitions(AbstractBeanDefinitionReader.java:184)
	at org.springframework.beans.factory.support.AbstractBeanDefinitionReader.loadBeanDefinitions(AbstractBeanDefinitionReader.java:220)
	at org.springframework.beans.factory.support.AbstractBeanDefinitionReader.loadBeanDefinitions(AbstractBeanDefinitionReader.java:191)
	at org.springframework.web.context.support.XmlWebApplicationContext.loadBeanDefinitions(XmlWebApplicationContext.java:125)
	at org.springframework.web.context.support.XmlWebApplicationContext.loadBeanDefinitions(XmlWebApplicationContext.java:94)
	at org.springframework.context.support.AbstractRefreshableApplicationContext.refreshBeanFactory(AbstractRefreshableApplicationContext.java:131)
	at org.springframework.context.support.AbstractApplicationContext.obtainFreshBeanFactory(AbstractApplicationContext.java:713)
	at org.springframework.context.support.AbstractApplicationContext.refresh(AbstractApplicationContext.java:595)
	at org.springframework.web.servlet.FrameworkServlet.configureAndRefreshWebApplicationContext(FrameworkServlet.java:706)
	at org.springframework.web.servlet.FrameworkServlet.createWebApplicationContext(FrameworkServlet.java:672)
	at org.springframework.web.servlet.FrameworkServlet.createWebApplicationContext(FrameworkServlet.java:720)
	at org.springframework.web.servlet.FrameworkServlet.initWebApplicationContext(FrameworkServlet.java:595)
	at org.springframework.web.servlet.FrameworkServlet.initServletBean(FrameworkServlet.java:537)
	at org.springframework.web.servlet.HttpServletBean.init(HttpServletBean.java:169)
	at jakarta.servlet.GenericServlet.init(GenericServlet.java:143)
	at jakarta.servlet.http.HttpServlet.init(HttpServlet.java:121)
	at org.apache.catalina.core.StandardWrapper.initServlet(StandardWrapper.java:837)
	at org.apache.catalina.core.StandardWrapper.loadServlet(StandardWrapper.java:794)
	at org.apache.catalina.core.StandardWrapper.allocate(StandardWrapper.java:575)
	at org.apache.catalina.core.StandardWrapperValve.invoke(StandardWrapperValve.java:115)
	at org.apache.catalina.core.StandardContextValve.invoke(StandardContextValve.java:90)
	at org.apache.catalina.authenticator.AuthenticatorBase.invoke(AuthenticatorBase.java:482)
	at org.apache.catalina.core.StandardHostValve.invoke(StandardHostValve.java:115)
	at org.apache.catalina.valves.ErrorReportValve.invoke(ErrorReportValve.java:93)
	at org.apache.catalina.valves.AbstractAccessLogValve.invoke(AbstractAccessLogValve.java:663)
	at org.apache.catalina.core.StandardEngineValve.invoke(StandardEngineValve.java:74)
	at org.apache.catalina.connector.CoyoteAdapter.service(CoyoteAdapter.java:344)
	at org.apache.coyote.http11.Http11Processor.service(Http11Processor.java:389)
	at org.apache.coyote.AbstractProcessorLight.process(AbstractProcessorLight.java:63)
	at org.apache.coyote.AbstractProtocol$ConnectionHandler.process(AbstractProtocol.java:896)
	at org.apache.tomcat.util.net.NioEndpoint$SocketProcessor.doRun(NioEndpoint.java:1741)
	at org.apache.tomcat.util.net.SocketProcessorBase.run(SocketProcessorBase.java:52)
	at org.apache.tomcat.util.threads.ThreadPoolExecutor.runWorker(ThreadPoolExecutor.java:1190)
	at org.apache.tomcat.util.threads.ThreadPoolExecutor$Worker.run(ThreadPoolExecutor.java:659)
	at org.apache.tomcat.util.threads.TaskThread$WrappingRunnable.run(TaskThread.java:63)
	at java.base/java.lang.Thread.run(Thread.java:1583)
Caused by: org.xml.sax.SAXParseException: cvc-complex-type.2.4.a: '{"http://www.springframework.org/schema/beans":interceptor}' 요소로 시작하는 부적합한 콘텐츠가 발견되었습니다. '{"http://www.springframework.org/schema/beans":bean, "http://www.springframework.org/schema/beans":ref, "http://www.springframework.org/schema/mvc":interceptor}' 중 하나가 필요합니다.
	at java.xml/com.sun.org.apache.xerces.internal.util.ErrorHandlerWrapper.createSAXParseException(ErrorHandlerWrapper.java:204)
	at java.xml/com.sun.org.apache.xerces.internal.util.ErrorHandlerWrapper.error(ErrorHandlerWrapper.java:135)
	at java.xml/com.sun.org.apache.xerces.internal.impl.XMLErrorReporter.reportError(XMLErrorReporter.java:396)
	at java.xml/com.sun.org.apache.xerces.internal.impl.XMLErrorReporter.reportError(XMLErrorReporter.java:327)
	at java.xml/com.sun.org.apache.xerces.internal.impl.XMLErrorReporter.reportError(XMLErrorReporter.java:284)
	at java.xml/com.sun.org.apache.xerces.internal.impl.xs.XMLSchemaValidator$XSIErrorReporter.reportError(XMLSchemaValidator.java:512)
	at java.xml/com.sun.org.apache.xerces.internal.impl.xs.XMLSchemaValidator.reportSchemaError(XMLSchemaValidator.java:3596)
	at java.xml/com.sun.org.apache.xerces.internal.impl.xs.XMLSchemaValidator.handleStartElement(XMLSchemaValidator.java:1972)
	at java.xml/com.sun.org.apache.xerces.internal.impl.xs.XMLSchemaValidator.startElement(XMLSchemaValidator.java:830)
	at java.xml/com.sun.org.apache.xerces.internal.impl.XMLNSDocumentScannerImpl.scanStartElement(XMLNSDocumentScannerImpl.java:376)
	at java.xml/com.sun.org.apache.xerces.internal.impl.XMLDocumentFragmentScannerImpl$FragmentContentDriver.next(XMLDocumentFragmentScannerImpl.java:2726)
	at java.xml/com.sun.org.apache.xerces.internal.impl.XMLDocumentScannerImpl.next(XMLDocumentScannerImpl.java:605)
	at java.xml/com.sun.org.apache.xerces.internal.impl.XMLNSDocumentScannerImpl.next(XMLNSDocumentScannerImpl.java:114)
	at java.xml/com.sun.org.apache.xerces.internal.impl.XMLDocumentFragmentScannerImpl.scanDocument(XMLDocumentFragmentScannerImpl.java:542)
	at java.xml/com.sun.org.apache.xerces.internal.parsers.XML11Configuration.parse(XML11Configuration.java:889)
	at java.xml/com.sun.org.apache.xerces.internal.parsers.XML11Configuration.parse(XML11Configuration.java:825)
	at java.xml/com.sun.org.apache.xerces.internal.parsers.XMLParser.parse(XMLParser.java:141)
	at java.xml/com.sun.org.apache.xerces.internal.parsers.DOMParser.parse(DOMParser.java:247)
	at java.xml/com.sun.org.apache.xerces.internal.jaxp.DocumentBuilderImpl.parse(DocumentBuilderImpl.java:342)
	at org.springframework.beans.factory.xml.DefaultDocumentLoader.loadDocument(DefaultDocumentLoader.java:77)
	at org.springframework.beans.factory.xml.XmlBeanDefinitionReader.doLoadDocument(XmlBeanDefinitionReader.java:441)
	at org.springframework.beans.factory.xml.XmlBeanDefinitionReader.doLoadBeanDefinitions(XmlBeanDefinitionReader.java:399)
	... 38 common frames omitted
11:56:23.932 http-nio-8080-exec-5 INFO  o.s.w.s.DispatcherServlet - Initializing Servlet 'spring'
11:56:25.215 http-nio-8080-exec-5 INFO  o.s.w.s.DispatcherServlet - Completed initialization in 1283 ms
11:56:25.307 http-nio-8080-exec-6 DEBUG h.m.c.MainController - 마이포털 메인 페이지
11:56:29.227 Catalina-utility-2 INFO  o.s.w.c.ContextLoader - Root WebApplicationContext: initialization started
11:56:30.535 Catalina-utility-2 INFO  o.s.w.c.ContextLoader - Root WebApplicationContext initialized in 1306 ms
11:56:31.108 http-nio-8080-exec-8 INFO  o.s.w.s.DispatcherServlet - Initializing Servlet 'spring'
11:56:32.006 http-nio-8080-exec-8 INFO  o.s.w.s.DispatcherServlet - Completed initialization in 897 ms
11:56:32.046 http-nio-8080-exec-8 DEBUG h.m.i.MyInterceptor - MyInterceptor::preHandle
11:56:32.068 http-nio-8080-exec-8 DEBUG h.m.i.MyInterceptor - MyInterceptor::postHandle
11:56:32.068 http-nio-8080-exec-8 DEBUG h.m.i.MyInterceptor - Controller: himedia.myportal.controllers.BoardController, Method: defaultView
11:56:32.076 http-nio-8080-exec-1 DEBUG h.m.i.MyInterceptor - MyInterceptor::preHandle
11:56:33.261 http-nio-8080-exec-1 INFO  h.m.c.BoardController - Board list fetched successfully.
11:56:33.262 http-nio-8080-exec-1 DEBUG h.m.i.MyInterceptor - MyInterceptor::postHandle
11:56:33.262 http-nio-8080-exec-1 DEBUG h.m.i.MyInterceptor - Controller: himedia.myportal.controllers.BoardController, Method: list
11:56:35.261 http-nio-8080-exec-2 DEBUG h.m.i.MyInterceptor - MyInterceptor::preHandle
11:56:35.278 http-nio-8080-exec-2 WARN  h.m.c.BoardController - Unauthorized access attempt to write form.
11:56:35.278 http-nio-8080-exec-2 DEBUG h.m.i.MyInterceptor - MyInterceptor::postHandle
11:56:35.278 http-nio-8080-exec-2 DEBUG h.m.i.MyInterceptor - Controller: himedia.myportal.controllers.BoardController, Method: writeForm
11:57:08.884 http-nio-8080-exec-7 DEBUG h.m.c.MainController - 마이포털 메인 페이지
11:57:11.020 http-nio-8080-exec-10 DEBUG h.m.i.MyInterceptor - MyInterceptor::preHandle
11:57:11.020 http-nio-8080-exec-10 DEBUG h.m.i.MyInterceptor - MyInterceptor::postHandle
11:57:11.020 http-nio-8080-exec-10 DEBUG h.m.i.MyInterceptor - Controller: himedia.myportal.controllers.BoardController, Method: defaultView
11:57:11.027 http-nio-8080-exec-11 DEBUG h.m.i.MyInterceptor - MyInterceptor::preHandle
11:57:11.062 http-nio-8080-exec-11 INFO  h.m.c.BoardController - Board list fetched successfully.
11:57:11.063 http-nio-8080-exec-11 DEBUG h.m.i.MyInterceptor - MyInterceptor::postHandle
11:57:11.063 http-nio-8080-exec-11 DEBUG h.m.i.MyInterceptor - Controller: himedia.myportal.controllers.BoardController, Method: list
11:57:22.285 http-nio-8080-exec-12 DEBUG h.m.i.MyInterceptor - MyInterceptor::preHandle
11:57:22.364 http-nio-8080-exec-12 INFO  h.m.c.BoardController - Board entry viewed: 1
11:57:22.373 http-nio-8080-exec-12 DEBUG h.m.i.MyInterceptor - MyInterceptor::postHandle
11:57:22.373 http-nio-8080-exec-12 DEBUG h.m.i.MyInterceptor - Controller: himedia.myportal.controllers.BoardController, Method: view
12:02:37.842 Catalina-utility-1 INFO  o.s.w.c.ContextLoader - Root WebApplicationContext: initialization started
12:02:39.460 Catalina-utility-1 INFO  o.s.w.c.ContextLoader - Root WebApplicationContext initialized in 1616 ms
12:10:26.222 main INFO  o.s.w.c.ContextLoader - Root WebApplicationContext: initialization started
12:10:27.714 main INFO  o.s.w.c.ContextLoader - Root WebApplicationContext initialized in 1489 ms
12:10:30.097 http-nio-8080-exec-2 INFO  o.s.w.s.DispatcherServlet - Initializing Servlet 'spring'
12:10:31.186 http-nio-8080-exec-2 INFO  o.s.w.s.DispatcherServlet - Completed initialization in 1088 ms
12:10:31.276 http-nio-8080-exec-3 DEBUG h.m.c.MainController - 마이포털 메인 페이지
12:13:54.991 main INFO  o.s.w.c.ContextLoader - Root WebApplicationContext: initialization started
12:13:56.468 main INFO  o.s.w.c.ContextLoader - Root WebApplicationContext initialized in 1470 ms
12:13:58.792 http-nio-8080-exec-2 INFO  o.s.w.s.DispatcherServlet - Initializing Servlet 'spring'
12:13:59.847 http-nio-8080-exec-2 INFO  o.s.w.s.DispatcherServlet - Completed initialization in 1055 ms
12:13:59.924 http-nio-8080-exec-3 DEBUG h.m.c.MainController - 마이포털 메인 페이지
12:15:12.908 http-nio-8080-exec-7 DEBUG h.m.i.MyInterceptor - MyInterceptor::preHandle
12:15:12.908 http-nio-8080-exec-7 DEBUG h.m.i.MyInterceptor2 - MyInterceptor2::preHandle
12:15:12.910 http-nio-8080-exec-7 DEBUG h.m.i.MyInterceptor2 - MyInterceptor2::postHandle
12:15:12.910 http-nio-8080-exec-7 DEBUG h.m.i.MyInterceptor - MyInterceptor::postHandle
12:15:12.913 http-nio-8080-exec-7 DEBUG h.m.i.MyInterceptor - Controller: himedia.myportal.controllers.BoardController, Method: defaultView
12:15:12.914 http-nio-8080-exec-7 DEBUG h.m.i.MyInterceptor2 - MyInterceptor2::afterCompletion
12:15:12.916 http-nio-8080-exec-7 DEBUG h.m.i.MyInterceptor - MyInterceptor::afterHandle
12:15:12.920 http-nio-8080-exec-8 DEBUG h.m.i.MyInterceptor - MyInterceptor::preHandle
12:15:12.920 http-nio-8080-exec-8 DEBUG h.m.i.MyInterceptor2 - MyInterceptor2::preHandle
12:15:14.195 http-nio-8080-exec-8 INFO  h.m.c.BoardController - Board list fetched successfully.
12:15:14.195 http-nio-8080-exec-8 DEBUG h.m.i.MyInterceptor2 - MyInterceptor2::postHandle
12:15:14.195 http-nio-8080-exec-8 DEBUG h.m.i.MyInterceptor - MyInterceptor::postHandle
12:15:14.195 http-nio-8080-exec-8 DEBUG h.m.i.MyInterceptor - Controller: himedia.myportal.controllers.BoardController, Method: list
12:15:14.338 http-nio-8080-exec-8 DEBUG h.m.i.MyInterceptor2 - MyInterceptor2::afterCompletion
12:15:14.339 http-nio-8080-exec-8 DEBUG h.m.i.MyInterceptor - MyInterceptor::afterHandle
12:41:17.355 Catalina-utility-1 INFO  o.s.w.c.ContextLoader - Root WebApplicationContext: initialization started
12:41:18.888 Catalina-utility-1 WARN  o.s.w.c.s.XmlWebApplicationContext - Exception encountered during context initialization - cancelling refresh attempt: org.springframework.beans.factory.BeanCreationException: Error creating bean with name 'userService': Lookup method resolution failed
12:41:18.892 Catalina-utility-1 ERROR o.s.w.c.ContextLoader - Context initialization failed
org.springframework.beans.factory.BeanCreationException: Error creating bean with name 'userService': Lookup method resolution failed
	at org.springframework.beans.factory.annotation.AutowiredAnnotationBeanPostProcessor.checkLookupMethods(AutowiredAnnotationBeanPostProcessor.java:497)
	at org.springframework.beans.factory.annotation.AutowiredAnnotationBeanPostProcessor.determineCandidateConstructors(AutowiredAnnotationBeanPostProcessor.java:367)
	at org.springframework.beans.factory.support.AbstractAutowireCapableBeanFactory.determineConstructorsFromBeanPostProcessors(AbstractAutowireCapableBeanFactory.java:1296)
	at org.springframework.beans.factory.support.AbstractAutowireCapableBeanFactory.createBeanInstance(AbstractAutowireCapableBeanFactory.java:1191)
	at org.springframework.beans.factory.support.AbstractAutowireCapableBeanFactory.doCreateBean(AbstractAutowireCapableBeanFactory.java:562)
	at org.springframework.beans.factory.support.AbstractAutowireCapableBeanFactory.createBean(AbstractAutowireCapableBeanFactory.java:522)
	at org.springframework.beans.factory.support.AbstractBeanFactory.lambda$doGetBean$0(AbstractBeanFactory.java:337)
	at org.springframework.beans.factory.support.DefaultSingletonBeanRegistry.getSingleton(DefaultSingletonBeanRegistry.java:234)
	at org.springframework.beans.factory.support.AbstractBeanFactory.doGetBean(AbstractBeanFactory.java:335)
	at org.springframework.beans.factory.support.AbstractBeanFactory.getBean(AbstractBeanFactory.java:200)
	at org.springframework.beans.factory.support.DefaultListableBeanFactory.preInstantiateSingletons(DefaultListableBeanFactory.java:975)
	at org.springframework.context.support.AbstractApplicationContext.finishBeanFactoryInitialization(AbstractApplicationContext.java:962)
	at org.springframework.context.support.AbstractApplicationContext.refresh(AbstractApplicationContext.java:624)
	at org.springframework.web.context.ContextLoader.configureAndRefreshWebApplicationContext(ContextLoader.java:394)
	at org.springframework.web.context.ContextLoader.initWebApplicationContext(ContextLoader.java:274)
	at org.springframework.web.context.ContextLoaderListener.contextInitialized(ContextLoaderListener.java:102)
	at org.apache.catalina.core.StandardContext.listenerStart(StandardContext.java:3997)
	at org.apache.catalina.core.StandardContext.startInternal(StandardContext.java:4424)
	at org.apache.catalina.util.LifecycleBase.start(LifecycleBase.java:171)
	at org.apache.catalina.core.StandardContext.reload(StandardContext.java:3209)
	at org.apache.catalina.loader.WebappLoader.backgroundProcess(WebappLoader.java:234)
	at org.apache.catalina.core.StandardContext.backgroundProcess(StandardContext.java:4779)
	at org.apache.catalina.core.ContainerBase$ContainerBackgroundProcessor.processChildren(ContainerBase.java:1172)
	at org.apache.catalina.core.ContainerBase$ContainerBackgroundProcessor.processChildren(ContainerBase.java:1176)
	at org.apache.catalina.core.ContainerBase$ContainerBackgroundProcessor.processChildren(ContainerBase.java:1176)
	at org.apache.catalina.core.ContainerBase$ContainerBackgroundProcessor.run(ContainerBase.java:1154)
	at java.base/java.util.concurrent.Executors$RunnableAdapter.call(Executors.java:572)
	at java.base/java.util.concurrent.FutureTask.runAndReset(FutureTask.java:358)
	at java.base/java.util.concurrent.ScheduledThreadPoolExecutor$ScheduledFutureTask.run(ScheduledThreadPoolExecutor.java:305)
	at java.base/java.util.concurrent.ThreadPoolExecutor.runWorker(ThreadPoolExecutor.java:1144)
	at java.base/java.util.concurrent.ThreadPoolExecutor$Worker.run(ThreadPoolExecutor.java:642)
	at org.apache.tomcat.util.threads.TaskThread$WrappingRunnable.run(TaskThread.java:63)
	at java.base/java.lang.Thread.run(Thread.java:1583)
Caused by: java.lang.IllegalStateException: Failed to introspect Class [himedia.myportal.services.UserServiceImpl] from ClassLoader [ParallelWebappClassLoader
  context: myportal
  delegate: false
----------> Parent Classloader:
java.net.URLClassLoader@5910e440
]
	at org.springframework.util.ReflectionUtils.getDeclaredMethods(ReflectionUtils.java:483)
	at org.springframework.util.ReflectionUtils.doWithLocalMethods(ReflectionUtils.java:320)
	at org.springframework.beans.factory.annotation.AutowiredAnnotationBeanPostProcessor.checkLookupMethods(AutowiredAnnotationBeanPostProcessor.java:475)
	... 32 common frames omitted
Caused by: java.lang.NoClassDefFoundError: HttpRequest
	at java.base/java.lang.Class.getDeclaredMethods0(Native Method)
	at java.base/java.lang.Class.privateGetDeclaredMethods(Class.java:3578)
	at java.base/java.lang.Class.getDeclaredMethods(Class.java:2676)
	at org.springframework.util.ReflectionUtils.getDeclaredMethods(ReflectionUtils.java:465)
	... 34 common frames omitted
Caused by: java.lang.ClassNotFoundException: HttpRequest
	at org.apache.catalina.loader.WebappClassLoaderBase.loadClass(WebappClassLoaderBase.java:1332)
	at org.apache.catalina.loader.WebappClassLoaderBase.loadClass(WebappClassLoaderBase.java:1144)
	... 38 common frames omitted
13:00:34.470 main INFO  o.s.w.c.ContextLoader - Root WebApplicationContext: initialization started
13:00:35.963 main INFO  o.s.w.c.ContextLoader - Root WebApplicationContext initialized in 1490 ms
13:00:38.308 http-nio-8080-exec-2 INFO  o.s.w.s.DispatcherServlet - Initializing Servlet 'spring'
13:00:39.307 http-nio-8080-exec-2 INFO  o.s.w.s.DispatcherServlet - Completed initialization in 999 ms
13:00:39.387 http-nio-8080-exec-3 DEBUG h.m.c.MainController - 마이포털 메인 페이지
13:00:40.726 http-nio-8080-exec-4 DEBUG h.m.i.AuthInterceptor - AuthInterceptor
13:00:40.729 http-nio-8080-exec-4 DEBUG h.m.i.AuthInterceptor - 인증되지 않은 사용자
13:00:42.942 http-nio-8080-exec-6 DEBUG h.m.i.AuthInterceptor - AuthInterceptor
13:00:42.942 http-nio-8080-exec-6 DEBUG h.m.i.AuthInterceptor - 인증되지 않은 사용자
13:00:45.480 http-nio-8080-exec-9 DEBUG h.m.i.AuthInterceptor - AuthInterceptor
13:00:45.480 http-nio-8080-exec-9 DEBUG h.m.i.AuthInterceptor - 인증되지 않은 사용자
13:02:21.878 http-nio-8080-exec-1 DEBUG h.m.i.AuthInterceptor - AuthInterceptor
13:02:21.879 http-nio-8080-exec-1 DEBUG h.m.i.AuthInterceptor - 인증되지 않은 사용자
13:02:23.167 http-nio-8080-exec-4 DEBUG h.m.i.AuthInterceptor - AuthInterceptor
13:02:23.167 http-nio-8080-exec-4 DEBUG h.m.i.AuthInterceptor - 인증되지 않은 사용자
13:02:44.438 main INFO  o.s.w.c.ContextLoader - Root WebApplicationContext: initialization started
13:02:46.009 main INFO  o.s.w.c.ContextLoader - Root WebApplicationContext initialized in 1568 ms
13:02:48.379 http-nio-8080-exec-2 INFO  o.s.w.s.DispatcherServlet - Initializing Servlet 'spring'
13:02:49.445 http-nio-8080-exec-2 INFO  o.s.w.s.DispatcherServlet - Completed initialization in 1065 ms
13:02:49.529 http-nio-8080-exec-3 DEBUG h.m.c.MainController - 마이포털 메인 페이지
13:02:51.909 http-nio-8080-exec-5 INFO  h.m.c.BoardController - Board list fetched successfully.
13:02:52.982 http-nio-8080-exec-6 DEBUG h.m.i.AuthInterceptor - AuthInterceptor
13:02:52.985 http-nio-8080-exec-6 DEBUG h.m.i.AuthInterceptor - 인증되지 않은 사용자
13:05:51.525 Catalina-utility-1 INFO  o.s.w.c.ContextLoader - Root WebApplicationContext: initialization started
13:05:52.865 Catalina-utility-1 INFO  o.s.w.c.ContextLoader - Root WebApplicationContext initialized in 1338 ms
13:05:52.980 http-nio-8080-exec-5 INFO  o.s.w.s.DispatcherServlet - Initializing Servlet 'spring'
13:05:53.863 http-nio-8080-exec-5 INFO  o.s.w.s.DispatcherServlet - Completed initialization in 883 ms
13:05:54.930 http-nio-8080-exec-7 INFO  h.m.c.BoardController - Board list fetched successfully.
13:05:58.494 http-nio-8080-exec-1 DEBUG h.m.i.AuthInterceptor - AuthInterceptor
13:06:31.260 http-nio-8080-exec-6 DEBUG h.m.i.AuthInterceptor - AuthInterceptor
13:06:34.488 Catalina-utility-2 INFO  o.s.w.c.ContextLoader - Root WebApplicationContext: initialization started
13:06:35.742 Catalina-utility-2 INFO  o.s.w.c.ContextLoader - Root WebApplicationContext initialized in 1252 ms
13:06:36.067 http-nio-8080-exec-5 INFO  o.s.w.s.DispatcherServlet - Initializing Servlet 'spring'
13:06:36.943 http-nio-8080-exec-5 INFO  o.s.w.s.DispatcherServlet - Completed initialization in 876 ms
13:06:36.980 http-nio-8080-exec-5 DEBUG h.m.i.AuthInterceptor - AuthInterceptor
13:06:38.372 http-nio-8080-exec-3 DEBUG h.m.i.AuthInterceptor - AuthInterceptor
13:06:40.792 http-nio-8080-exec-11 INFO  h.m.c.BoardController - Board list fetched successfully.
13:06:43.070 http-nio-8080-exec-16 DEBUG h.m.i.AuthInterceptor - AuthInterceptor
13:07:44.275 http-nio-8080-exec-18 INFO  h.m.c.BoardController - Board list fetched successfully.
13:07:58.630 http-nio-8080-exec-19 DEBUG h.m.i.AuthInterceptor - AuthInterceptor
13:08:22.584 Catalina-utility-1 INFO  o.s.w.c.ContextLoader - Root WebApplicationContext: initialization started
13:08:23.778 Catalina-utility-1 INFO  o.s.w.c.ContextLoader - Root WebApplicationContext initialized in 1193 ms
13:10:14.927 main INFO  o.s.w.c.ContextLoader - Root WebApplicationContext: initialization started
13:10:16.481 main INFO  o.s.w.c.ContextLoader - Root WebApplicationContext initialized in 1550 ms
13:10:18.891 http-nio-8080-exec-2 INFO  o.s.w.s.DispatcherServlet - Initializing Servlet 'spring'
13:10:19.939 http-nio-8080-exec-2 INFO  o.s.w.s.DispatcherServlet - Completed initialization in 1048 ms
13:10:20.021 http-nio-8080-exec-3 DEBUG h.m.c.MainController - 마이포털 메인 페이지
13:10:22.688 http-nio-8080-exec-5 INFO  h.m.c.BoardController - Board list fetched successfully.
13:10:23.702 http-nio-8080-exec-6 DEBUG h.m.i.AuthInterceptor - AuthInterceptor
13:10:23.706 http-nio-8080-exec-6 DEBUG h.m.i.AuthInterceptor - 인증되지 않은 사용자
13:13:09.479 http-nio-8080-exec-2 INFO  h.m.c.BoardController - Board list fetched successfully.
13:13:14.098 http-nio-8080-exec-5 INFO  h.m.c.BoardController - Board list fetched successfully.
13:13:14.972 http-nio-8080-exec-7 DEBUG h.m.c.MainController - 마이포털 메인 페이지
13:13:39.620 http-nio-8080-exec-3 DEBUG h.m.c.MainController - 마이포털 메인 페이지
13:13:40.265 http-nio-8080-exec-5 INFO  h.m.c.BoardController - Board list fetched successfully.
15:08:10.122 main INFO  o.s.w.c.ContextLoader - Root WebApplicationContext: initialization started
15:08:11.670 main INFO  o.s.w.c.ContextLoader - Root WebApplicationContext initialized in 1545 ms
15:27:52.011 main INFO  o.s.w.c.ContextLoader - Root WebApplicationContext: initialization started
15:27:53.508 main INFO  o.s.w.c.ContextLoader - Root WebApplicationContext initialized in 1493 ms
15:30:29.671 main INFO  o.s.w.c.ContextLoader - Root WebApplicationContext: initialization started
15:30:31.170 main INFO  o.s.w.c.ContextLoader - Root WebApplicationContext initialized in 1497 ms
15:30:52.849 main INFO  o.s.w.c.ContextLoader - Root WebApplicationContext: initialization started
15:30:54.343 main INFO  o.s.w.c.ContextLoader - Root WebApplicationContext initialized in 1491 ms
15:44:50.712 main INFO  o.s.w.c.ContextLoader - Root WebApplicationContext: initialization started
15:44:52.194 main INFO  o.s.w.c.ContextLoader - Root WebApplicationContext initialized in 1479 ms
16:04:06.689 main INFO  o.s.w.c.ContextLoader - Root WebApplicationContext: initialization started
16:04:08.188 main INFO  o.s.w.c.ContextLoader - Root WebApplicationContext initialized in 1496 ms
16:08:23.481 Catalina-utility-1 INFO  o.s.w.c.ContextLoader - Root WebApplicationContext: initialization started
16:08:24.685 Catalina-utility-1 INFO  o.s.w.c.ContextLoader - Root WebApplicationContext initialized in 1202 ms
16:08:50.548 Catalina-utility-1 INFO  o.s.w.c.ContextLoader - Root WebApplicationContext: initialization started
16:08:51.847 Catalina-utility-1 INFO  o.s.w.c.ContextLoader - Root WebApplicationContext initialized in 1297 ms
16:09:31.202 main INFO  o.s.w.c.ContextLoader - Root WebApplicationContext: initialization started
16:09:32.650 main INFO  o.s.w.c.ContextLoader - Root WebApplicationContext initialized in 1444 ms
16:22:43.081 main INFO  o.s.w.c.ContextLoader - Root WebApplicationContext: initialization started
16:22:44.598 main INFO  o.s.w.c.ContextLoader - Root WebApplicationContext initialized in 1514 ms
16:31:08.830 main INFO  o.s.w.c.ContextLoader - Root WebApplicationContext: initialization started
16:31:10.276 main INFO  o.s.w.c.ContextLoader - Root WebApplicationContext initialized in 1443 ms
16:34:06.787 main INFO  o.s.w.c.ContextLoader - Root WebApplicationContext: initialization started
16:34:08.265 main INFO  o.s.w.c.ContextLoader - Root WebApplicationContext initialized in 1475 ms
16:38:23.653 main INFO  o.s.w.c.ContextLoader - Root WebApplicationContext: initialization started
16:38:25.117 main INFO  o.s.w.c.ContextLoader - Root WebApplicationContext initialized in 1460 ms
16:40:17.145 main INFO  o.s.w.c.ContextLoader - Root WebApplicationContext: initialization started
16:40:18.586 main INFO  o.s.w.c.ContextLoader - Root WebApplicationContext initialized in 1438 ms
16:44:12.194 main INFO  o.s.w.c.ContextLoader - Root WebApplicationContext: initialization started
16:44:13.686 main INFO  o.s.w.c.ContextLoader - Root WebApplicationContext initialized in 1489 ms
16:48:08.751 main INFO  o.s.w.c.ContextLoader - Root WebApplicationContext: initialization started
16:48:10.243 main INFO  o.s.w.c.ContextLoader - Root WebApplicationContext initialized in 1489 ms
16:49:43.951 main INFO  o.s.w.c.ContextLoader - Root WebApplicationContext: initialization started
16:49:45.510 main INFO  o.s.w.c.ContextLoader - Root WebApplicationContext initialized in 1555 ms
17:03:22.864 Catalina-utility-1 INFO  o.s.w.c.ContextLoader - Root WebApplicationContext: initialization started
17:03:24.199 Catalina-utility-1 INFO  o.s.w.c.ContextLoader - Root WebApplicationContext initialized in 1333 ms
17:03:30.276 main INFO  o.s.w.c.ContextLoader - Root WebApplicationContext: initialization started
17:03:31.928 main INFO  o.s.w.c.ContextLoader - Root WebApplicationContext initialized in 1650 ms
17:07:21.196 main INFO  o.s.w.c.ContextLoader - Root WebApplicationContext: initialization started
17:07:22.696 main INFO  o.s.w.c.ContextLoader - Root WebApplicationContext initialized in 1497 ms
17:24:00.045 main INFO  o.s.w.c.ContextLoader - Root WebApplicationContext: initialization started
17:24:01.582 main INFO  o.s.w.c.ContextLoader - Root WebApplicationContext initialized in 1534 ms
17:29:53.818 main INFO  o.s.w.c.ContextLoader - Root WebApplicationContext: initialization started
17:29:55.279 main INFO  o.s.w.c.ContextLoader - Root WebApplicationContext initialized in 1458 ms
17:40:11.820 main INFO  o.s.w.c.ContextLoader - Root WebApplicationContext: initialization started
17:40:13.331 main WARN  o.s.w.c.s.XmlWebApplicationContext - Exception encountered during context initialization - cancelling refresh attempt: org.springframework.beans.factory.UnsatisfiedDependencyException: Error creating bean with name 'phoneBookServiceImpl': Unsatisfied dependency expressed through field 'phoneBookMapper': No qualifying bean of type 'himedia.myportal.repositories.dao.PhoneBookMapper' available: expected at least 1 bean which qualifies as autowire candidate. Dependency annotations: {@org.springframework.beans.factory.annotation.Autowired(required=true)}
17:40:13.335 main ERROR o.s.w.c.ContextLoader - Context initialization failed
org.springframework.beans.factory.UnsatisfiedDependencyException: Error creating bean with name 'phoneBookServiceImpl': Unsatisfied dependency expressed through field 'phoneBookMapper': No qualifying bean of type 'himedia.myportal.repositories.dao.PhoneBookMapper' available: expected at least 1 bean which qualifies as autowire candidate. Dependency annotations: {@org.springframework.beans.factory.annotation.Autowired(required=true)}
	at org.springframework.beans.factory.annotation.AutowiredAnnotationBeanPostProcessor$AutowiredFieldElement.resolveFieldValue(AutowiredAnnotationBeanPostProcessor.java:787)
	at org.springframework.beans.factory.annotation.AutowiredAnnotationBeanPostProcessor$AutowiredFieldElement.inject(AutowiredAnnotationBeanPostProcessor.java:767)
	at org.springframework.beans.factory.annotation.InjectionMetadata.inject(InjectionMetadata.java:145)
	at org.springframework.beans.factory.annotation.AutowiredAnnotationBeanPostProcessor.postProcessProperties(AutowiredAnnotationBeanPostProcessor.java:508)
	at org.springframework.beans.factory.support.AbstractAutowireCapableBeanFactory.populateBean(AbstractAutowireCapableBeanFactory.java:1421)
	at org.springframework.beans.factory.support.AbstractAutowireCapableBeanFactory.doCreateBean(AbstractAutowireCapableBeanFactory.java:599)
	at org.springframework.beans.factory.support.AbstractAutowireCapableBeanFactory.createBean(AbstractAutowireCapableBeanFactory.java:522)
	at org.springframework.beans.factory.support.AbstractBeanFactory.lambda$doGetBean$0(AbstractBeanFactory.java:337)
	at org.springframework.beans.factory.support.DefaultSingletonBeanRegistry.getSingleton(DefaultSingletonBeanRegistry.java:234)
	at org.springframework.beans.factory.support.AbstractBeanFactory.doGetBean(AbstractBeanFactory.java:335)
	at org.springframework.beans.factory.support.AbstractBeanFactory.getBean(AbstractBeanFactory.java:200)
	at org.springframework.beans.factory.support.DefaultListableBeanFactory.preInstantiateSingletons(DefaultListableBeanFactory.java:975)
	at org.springframework.context.support.AbstractApplicationContext.finishBeanFactoryInitialization(AbstractApplicationContext.java:962)
	at org.springframework.context.support.AbstractApplicationContext.refresh(AbstractApplicationContext.java:624)
	at org.springframework.web.context.ContextLoader.configureAndRefreshWebApplicationContext(ContextLoader.java:394)
	at org.springframework.web.context.ContextLoader.initWebApplicationContext(ContextLoader.java:274)
	at org.springframework.web.context.ContextLoaderListener.contextInitialized(ContextLoaderListener.java:102)
	at org.apache.catalina.core.StandardContext.listenerStart(StandardContext.java:3997)
	at org.apache.catalina.core.StandardContext.startInternal(StandardContext.java:4424)
	at org.apache.catalina.util.LifecycleBase.start(LifecycleBase.java:171)
	at org.apache.catalina.core.ContainerBase$StartChild.call(ContainerBase.java:1203)
	at org.apache.catalina.core.ContainerBase$StartChild.call(ContainerBase.java:1193)
	at java.base/java.util.concurrent.FutureTask.run(FutureTask.java:317)
	at org.apache.tomcat.util.threads.InlineExecutorService.execute(InlineExecutorService.java:75)
	at java.base/java.util.concurrent.AbstractExecutorService.submit(AbstractExecutorService.java:145)
	at org.apache.catalina.core.ContainerBase.startInternal(ContainerBase.java:749)
	at org.apache.catalina.core.StandardHost.startInternal(StandardHost.java:772)
	at org.apache.catalina.util.LifecycleBase.start(LifecycleBase.java:171)
	at org.apache.catalina.core.ContainerBase$StartChild.call(ContainerBase.java:1203)
	at org.apache.catalina.core.ContainerBase$StartChild.call(ContainerBase.java:1193)
	at java.base/java.util.concurrent.FutureTask.run(FutureTask.java:317)
	at org.apache.tomcat.util.threads.InlineExecutorService.execute(InlineExecutorService.java:75)
	at java.base/java.util.concurrent.AbstractExecutorService.submit(AbstractExecutorService.java:145)
	at org.apache.catalina.core.ContainerBase.startInternal(ContainerBase.java:749)
	at org.apache.catalina.core.StandardEngine.startInternal(StandardEngine.java:203)
	at org.apache.catalina.util.LifecycleBase.start(LifecycleBase.java:171)
	at org.apache.catalina.core.StandardService.startInternal(StandardService.java:415)
	at org.apache.catalina.util.LifecycleBase.start(LifecycleBase.java:171)
	at org.apache.catalina.core.StandardServer.startInternal(StandardServer.java:874)
	at org.apache.catalina.util.LifecycleBase.start(LifecycleBase.java:171)
	at org.apache.catalina.startup.Catalina.start(Catalina.java:757)
	at java.base/jdk.internal.reflect.DirectMethodHandleAccessor.invoke(DirectMethodHandleAccessor.java:103)
	at java.base/java.lang.reflect.Method.invoke(Method.java:580)
	at org.apache.catalina.startup.Bootstrap.start(Bootstrap.java:345)
	at org.apache.catalina.startup.Bootstrap.main(Bootstrap.java:473)
Caused by: org.springframework.beans.factory.NoSuchBeanDefinitionException: No qualifying bean of type 'himedia.myportal.repositories.dao.PhoneBookMapper' available: expected at least 1 bean which qualifies as autowire candidate. Dependency annotations: {@org.springframework.beans.factory.annotation.Autowired(required=true)}
	at org.springframework.beans.factory.support.DefaultListableBeanFactory.raiseNoMatchingBeanFound(DefaultListableBeanFactory.java:1880)
	at org.springframework.beans.factory.support.DefaultListableBeanFactory.doResolveDependency(DefaultListableBeanFactory.java:1406)
	at org.springframework.beans.factory.support.DefaultListableBeanFactory.resolveDependency(DefaultListableBeanFactory.java:1353)
	at org.springframework.beans.factory.annotation.AutowiredAnnotationBeanPostProcessor$AutowiredFieldElement.resolveFieldValue(AutowiredAnnotationBeanPostProcessor.java:784)
	... 44 common frames omitted
17:42:45.275 main INFO  o.s.w.c.ContextLoader - Root WebApplicationContext: initialization started
17:42:46.861 main WARN  o.s.w.c.s.XmlWebApplicationContext - Exception encountered during context initialization - cancelling refresh attempt: org.springframework.beans.factory.UnsatisfiedDependencyException: Error creating bean with name 'phoneBookServiceImpl': Unsatisfied dependency expressed through field 'phoneBookMapper': No qualifying bean of type 'himedia.myportal.repositories.dao.PhoneBookMapper' available: expected at least 1 bean which qualifies as autowire candidate. Dependency annotations: {@org.springframework.beans.factory.annotation.Autowired(required=true)}
17:42:46.867 main ERROR o.s.w.c.ContextLoader - Context initialization failed
org.springframework.beans.factory.UnsatisfiedDependencyException: Error creating bean with name 'phoneBookServiceImpl': Unsatisfied dependency expressed through field 'phoneBookMapper': No qualifying bean of type 'himedia.myportal.repositories.dao.PhoneBookMapper' available: expected at least 1 bean which qualifies as autowire candidate. Dependency annotations: {@org.springframework.beans.factory.annotation.Autowired(required=true)}
	at org.springframework.beans.factory.annotation.AutowiredAnnotationBeanPostProcessor$AutowiredFieldElement.resolveFieldValue(AutowiredAnnotationBeanPostProcessor.java:787)
	at org.springframework.beans.factory.annotation.AutowiredAnnotationBeanPostProcessor$AutowiredFieldElement.inject(AutowiredAnnotationBeanPostProcessor.java:767)
	at org.springframework.beans.factory.annotation.InjectionMetadata.inject(InjectionMetadata.java:145)
	at org.springframework.beans.factory.annotation.AutowiredAnnotationBeanPostProcessor.postProcessProperties(AutowiredAnnotationBeanPostProcessor.java:508)
	at org.springframework.beans.factory.support.AbstractAutowireCapableBeanFactory.populateBean(AbstractAutowireCapableBeanFactory.java:1421)
	at org.springframework.beans.factory.support.AbstractAutowireCapableBeanFactory.doCreateBean(AbstractAutowireCapableBeanFactory.java:599)
	at org.springframework.beans.factory.support.AbstractAutowireCapableBeanFactory.createBean(AbstractAutowireCapableBeanFactory.java:522)
	at org.springframework.beans.factory.support.AbstractBeanFactory.lambda$doGetBean$0(AbstractBeanFactory.java:337)
	at org.springframework.beans.factory.support.DefaultSingletonBeanRegistry.getSingleton(DefaultSingletonBeanRegistry.java:234)
	at org.springframework.beans.factory.support.AbstractBeanFactory.doGetBean(AbstractBeanFactory.java:335)
	at org.springframework.beans.factory.support.AbstractBeanFactory.getBean(AbstractBeanFactory.java:200)
	at org.springframework.beans.factory.support.DefaultListableBeanFactory.preInstantiateSingletons(DefaultListableBeanFactory.java:975)
	at org.springframework.context.support.AbstractApplicationContext.finishBeanFactoryInitialization(AbstractApplicationContext.java:962)
	at org.springframework.context.support.AbstractApplicationContext.refresh(AbstractApplicationContext.java:624)
	at org.springframework.web.context.ContextLoader.configureAndRefreshWebApplicationContext(ContextLoader.java:394)
	at org.springframework.web.context.ContextLoader.initWebApplicationContext(ContextLoader.java:274)
	at org.springframework.web.context.ContextLoaderListener.contextInitialized(ContextLoaderListener.java:102)
	at org.apache.catalina.core.StandardContext.listenerStart(StandardContext.java:3997)
	at org.apache.catalina.core.StandardContext.startInternal(StandardContext.java:4424)
	at org.apache.catalina.util.LifecycleBase.start(LifecycleBase.java:171)
	at org.apache.catalina.core.ContainerBase$StartChild.call(ContainerBase.java:1203)
	at org.apache.catalina.core.ContainerBase$StartChild.call(ContainerBase.java:1193)
	at java.base/java.util.concurrent.FutureTask.run(FutureTask.java:317)
	at org.apache.tomcat.util.threads.InlineExecutorService.execute(InlineExecutorService.java:75)
	at java.base/java.util.concurrent.AbstractExecutorService.submit(AbstractExecutorService.java:145)
	at org.apache.catalina.core.ContainerBase.startInternal(ContainerBase.java:749)
	at org.apache.catalina.core.StandardHost.startInternal(StandardHost.java:772)
	at org.apache.catalina.util.LifecycleBase.start(LifecycleBase.java:171)
	at org.apache.catalina.core.ContainerBase$StartChild.call(ContainerBase.java:1203)
	at org.apache.catalina.core.ContainerBase$StartChild.call(ContainerBase.java:1193)
	at java.base/java.util.concurrent.FutureTask.run(FutureTask.java:317)
	at org.apache.tomcat.util.threads.InlineExecutorService.execute(InlineExecutorService.java:75)
	at java.base/java.util.concurrent.AbstractExecutorService.submit(AbstractExecutorService.java:145)
	at org.apache.catalina.core.ContainerBase.startInternal(ContainerBase.java:749)
	at org.apache.catalina.core.StandardEngine.startInternal(StandardEngine.java:203)
	at org.apache.catalina.util.LifecycleBase.start(LifecycleBase.java:171)
	at org.apache.catalina.core.StandardService.startInternal(StandardService.java:415)
	at org.apache.catalina.util.LifecycleBase.start(LifecycleBase.java:171)
	at org.apache.catalina.core.StandardServer.startInternal(StandardServer.java:874)
	at org.apache.catalina.util.LifecycleBase.start(LifecycleBase.java:171)
	at org.apache.catalina.startup.Catalina.start(Catalina.java:757)
	at java.base/jdk.internal.reflect.DirectMethodHandleAccessor.invoke(DirectMethodHandleAccessor.java:103)
	at java.base/java.lang.reflect.Method.invoke(Method.java:580)
	at org.apache.catalina.startup.Bootstrap.start(Bootstrap.java:345)
	at org.apache.catalina.startup.Bootstrap.main(Bootstrap.java:473)
Caused by: org.springframework.beans.factory.NoSuchBeanDefinitionException: No qualifying bean of type 'himedia.myportal.repositories.dao.PhoneBookMapper' available: expected at least 1 bean which qualifies as autowire candidate. Dependency annotations: {@org.springframework.beans.factory.annotation.Autowired(required=true)}
	at org.springframework.beans.factory.support.DefaultListableBeanFactory.raiseNoMatchingBeanFound(DefaultListableBeanFactory.java:1880)
	at org.springframework.beans.factory.support.DefaultListableBeanFactory.doResolveDependency(DefaultListableBeanFactory.java:1406)
	at org.springframework.beans.factory.support.DefaultListableBeanFactory.resolveDependency(DefaultListableBeanFactory.java:1353)
	at org.springframework.beans.factory.annotation.AutowiredAnnotationBeanPostProcessor$AutowiredFieldElement.resolveFieldValue(AutowiredAnnotationBeanPostProcessor.java:784)
	... 44 common frames omitted
17:45:21.850 main INFO  o.s.w.c.ContextLoader - Root WebApplicationContext: initialization started
17:45:23.345 main WARN  o.s.w.c.s.XmlWebApplicationContext - Exception encountered during context initialization - cancelling refresh attempt: org.springframework.beans.factory.UnsatisfiedDependencyException: Error creating bean with name 'phoneBookServiceImpl': Unsatisfied dependency expressed through field 'phoneBookMapper': No qualifying bean of type 'himedia.myportal.repositories.dao.PhoneBookMapper' available: expected at least 1 bean which qualifies as autowire candidate. Dependency annotations: {@org.springframework.beans.factory.annotation.Autowired(required=true)}
17:45:23.350 main ERROR o.s.w.c.ContextLoader - Context initialization failed
org.springframework.beans.factory.UnsatisfiedDependencyException: Error creating bean with name 'phoneBookServiceImpl': Unsatisfied dependency expressed through field 'phoneBookMapper': No qualifying bean of type 'himedia.myportal.repositories.dao.PhoneBookMapper' available: expected at least 1 bean which qualifies as autowire candidate. Dependency annotations: {@org.springframework.beans.factory.annotation.Autowired(required=true)}
	at org.springframework.beans.factory.annotation.AutowiredAnnotationBeanPostProcessor$AutowiredFieldElement.resolveFieldValue(AutowiredAnnotationBeanPostProcessor.java:787)
	at org.springframework.beans.factory.annotation.AutowiredAnnotationBeanPostProcessor$AutowiredFieldElement.inject(AutowiredAnnotationBeanPostProcessor.java:767)
	at org.springframework.beans.factory.annotation.InjectionMetadata.inject(InjectionMetadata.java:145)
	at org.springframework.beans.factory.annotation.AutowiredAnnotationBeanPostProcessor.postProcessProperties(AutowiredAnnotationBeanPostProcessor.java:508)
	at org.springframework.beans.factory.support.AbstractAutowireCapableBeanFactory.populateBean(AbstractAutowireCapableBeanFactory.java:1421)
	at org.springframework.beans.factory.support.AbstractAutowireCapableBeanFactory.doCreateBean(AbstractAutowireCapableBeanFactory.java:599)
	at org.springframework.beans.factory.support.AbstractAutowireCapableBeanFactory.createBean(AbstractAutowireCapableBeanFactory.java:522)
	at org.springframework.beans.factory.support.AbstractBeanFactory.lambda$doGetBean$0(AbstractBeanFactory.java:337)
	at org.springframework.beans.factory.support.DefaultSingletonBeanRegistry.getSingleton(DefaultSingletonBeanRegistry.java:234)
	at org.springframework.beans.factory.support.AbstractBeanFactory.doGetBean(AbstractBeanFactory.java:335)
	at org.springframework.beans.factory.support.AbstractBeanFactory.getBean(AbstractBeanFactory.java:200)
	at org.springframework.beans.factory.support.DefaultListableBeanFactory.preInstantiateSingletons(DefaultListableBeanFactory.java:975)
	at org.springframework.context.support.AbstractApplicationContext.finishBeanFactoryInitialization(AbstractApplicationContext.java:962)
	at org.springframework.context.support.AbstractApplicationContext.refresh(AbstractApplicationContext.java:624)
	at org.springframework.web.context.ContextLoader.configureAndRefreshWebApplicationContext(ContextLoader.java:394)
	at org.springframework.web.context.ContextLoader.initWebApplicationContext(ContextLoader.java:274)
	at org.springframework.web.context.ContextLoaderListener.contextInitialized(ContextLoaderListener.java:102)
	at org.apache.catalina.core.StandardContext.listenerStart(StandardContext.java:3997)
	at org.apache.catalina.core.StandardContext.startInternal(StandardContext.java:4424)
	at org.apache.catalina.util.LifecycleBase.start(LifecycleBase.java:171)
	at org.apache.catalina.core.ContainerBase$StartChild.call(ContainerBase.java:1203)
	at org.apache.catalina.core.ContainerBase$StartChild.call(ContainerBase.java:1193)
	at java.base/java.util.concurrent.FutureTask.run(FutureTask.java:317)
	at org.apache.tomcat.util.threads.InlineExecutorService.execute(InlineExecutorService.java:75)
	at java.base/java.util.concurrent.AbstractExecutorService.submit(AbstractExecutorService.java:145)
	at org.apache.catalina.core.ContainerBase.startInternal(ContainerBase.java:749)
	at org.apache.catalina.core.StandardHost.startInternal(StandardHost.java:772)
	at org.apache.catalina.util.LifecycleBase.start(LifecycleBase.java:171)
	at org.apache.catalina.core.ContainerBase$StartChild.call(ContainerBase.java:1203)
	at org.apache.catalina.core.ContainerBase$StartChild.call(ContainerBase.java:1193)
	at java.base/java.util.concurrent.FutureTask.run(FutureTask.java:317)
	at org.apache.tomcat.util.threads.InlineExecutorService.execute(InlineExecutorService.java:75)
	at java.base/java.util.concurrent.AbstractExecutorService.submit(AbstractExecutorService.java:145)
	at org.apache.catalina.core.ContainerBase.startInternal(ContainerBase.java:749)
	at org.apache.catalina.core.StandardEngine.startInternal(StandardEngine.java:203)
	at org.apache.catalina.util.LifecycleBase.start(LifecycleBase.java:171)
	at org.apache.catalina.core.StandardService.startInternal(StandardService.java:415)
	at org.apache.catalina.util.LifecycleBase.start(LifecycleBase.java:171)
	at org.apache.catalina.core.StandardServer.startInternal(StandardServer.java:874)
	at org.apache.catalina.util.LifecycleBase.start(LifecycleBase.java:171)
	at org.apache.catalina.startup.Catalina.start(Catalina.java:757)
	at java.base/jdk.internal.reflect.DirectMethodHandleAccessor.invoke(DirectMethodHandleAccessor.java:103)
	at java.base/java.lang.reflect.Method.invoke(Method.java:580)
	at org.apache.catalina.startup.Bootstrap.start(Bootstrap.java:345)
	at org.apache.catalina.startup.Bootstrap.main(Bootstrap.java:473)
Caused by: org.springframework.beans.factory.NoSuchBeanDefinitionException: No qualifying bean of type 'himedia.myportal.repositories.dao.PhoneBookMapper' available: expected at least 1 bean which qualifies as autowire candidate. Dependency annotations: {@org.springframework.beans.factory.annotation.Autowired(required=true)}
	at org.springframework.beans.factory.support.DefaultListableBeanFactory.raiseNoMatchingBeanFound(DefaultListableBeanFactory.java:1880)
	at org.springframework.beans.factory.support.DefaultListableBeanFactory.doResolveDependency(DefaultListableBeanFactory.java:1406)
	at org.springframework.beans.factory.support.DefaultListableBeanFactory.resolveDependency(DefaultListableBeanFactory.java:1353)
	at org.springframework.beans.factory.annotation.AutowiredAnnotationBeanPostProcessor$AutowiredFieldElement.resolveFieldValue(AutowiredAnnotationBeanPostProcessor.java:784)
	... 44 common frames omitted
17:58:33.146 main INFO  o.s.w.c.ContextLoader - Root WebApplicationContext: initialization started
17:58:34.651 main INFO  o.s.w.c.ContextLoader - Root WebApplicationContext initialized in 1502 ms
17:58:44.498 http-nio-8080-exec-4 INFO  o.s.w.s.DispatcherServlet - Initializing Servlet 'spring'
17:58:45.444 http-nio-8080-exec-4 INFO  o.s.w.s.DispatcherServlet - Completed initialization in 946 ms
17:58:46.683 http-nio-8080-exec-3 INFO  h.m.c.BoardController - Board list fetched successfully.
17:58:49.305 http-nio-8080-exec-9 DEBUG h.m.c.MainController - 마이포털 메인 페이지
17:58:50.909 http-nio-8080-exec-4 INFO  h.m.c.BoardController - Board list fetched successfully.
17:58:51.871 http-nio-8080-exec-3 DEBUG h.m.i.AuthInterceptor - AuthInterceptor
17:58:51.873 http-nio-8080-exec-3 DEBUG h.m.i.AuthInterceptor - 인증되지 않은 사용자
17:58:54.978 http-nio-8080-exec-8 DEBUG h.m.c.MainController - 마이포털 메인 페이지
17:58:58.123 http-nio-8080-exec-1 INFO  h.m.c.BoardController - Board list fetched successfully.
17:59:00.919 http-nio-8080-exec-10 DEBUG h.m.i.AuthInterceptor - AuthInterceptor
17:59:00.920 http-nio-8080-exec-10 DEBUG h.m.i.AuthInterceptor - 인증된 사용자
17:59:01.001 http-nio-8080-exec-10 INFO  h.m.c.BoardController - Board entry viewed: 10
17:59:03.005 http-nio-8080-exec-3 DEBUG h.m.c.MainController - 마이포털 메인 페이지
17:59:15.182 http-nio-8080-exec-8 DEBUG h.m.c.MainController - 마이포털 메인 페이지
18:00:48.137 http-nio-8080-exec-3 DEBUG h.m.c.MainController - 마이포털 메인 페이지
18:00:49.426 http-nio-8080-exec-5 DEBUG h.m.c.MainController - 마이포털 메인 페이지
18:01:00.964 http-nio-8080-exec-5 INFO  h.m.c.BoardController - Board list fetched successfully.
18:01:01.790 http-nio-8080-exec-7 INFO  h.m.c.BoardController - Board list fetched successfully.
18:04:28.993 Catalina-utility-2 INFO  o.s.w.c.ContextLoader - Root WebApplicationContext: initialization started
18:04:30.479 Catalina-utility-2 INFO  o.s.w.c.ContextLoader - Root WebApplicationContext initialized in 1483 ms
18:04:38.321 main INFO  o.s.w.c.ContextLoader - Root WebApplicationContext: initialization started
18:04:39.844 main INFO  o.s.w.c.ContextLoader - Root WebApplicationContext initialized in 1520 ms
18:04:46.077 http-nio-8080-exec-1 INFO  o.s.w.s.DispatcherServlet - Initializing Servlet 'spring'
18:04:47.181 http-nio-8080-exec-1 INFO  o.s.w.s.DispatcherServlet - Completed initialization in 1104 ms
18:04:47.260 http-nio-8080-exec-3 DEBUG h.m.c.MainController - 마이포털 메인 페이지
18:06:26.125 Catalina-utility-2 INFO  o.s.w.c.ContextLoader - Root WebApplicationContext: initialization started
18:06:27.722 Catalina-utility-2 INFO  o.s.w.c.ContextLoader - Root WebApplicationContext initialized in 1594 ms
18:08:58.860 Catalina-utility-1 INFO  o.s.w.c.ContextLoader - Root WebApplicationContext: initialization started
18:09:00.094 Catalina-utility-1 INFO  o.s.w.c.ContextLoader - Root WebApplicationContext initialized in 1231 ms
18:09:05.472 main INFO  o.s.w.c.ContextLoader - Root WebApplicationContext: initialization started
18:09:06.976 main INFO  o.s.w.c.ContextLoader - Root WebApplicationContext initialized in 1501 ms
18:09:13.034 http-nio-8080-exec-2 INFO  o.s.w.s.DispatcherServlet - Initializing Servlet 'spring'
18:09:14.046 http-nio-8080-exec-2 INFO  o.s.w.s.DispatcherServlet - Completed initialization in 1012 ms
18:09:14.122 http-nio-8080-exec-4 DEBUG h.m.c.MainController - 마이포털 메인 페이지
